[2019-07-10 21:46:12] request.INFO: Matched route "admin_module_manage". {"route":"admin_module_manage","route_parameters":{"category":null,"keyword":null,"_controller":"PrestaShopBundle\\Controller\\Admin\\Improve\\ModuleController::manageAction","_legacy_controller":"AdminModulesManage","_legacy_link":["AdminModulesManage","AdminModulesSf"],"_route":"admin_module_manage"},"request_uri":"http://localhost/Bosshopping/admin600dfliar/index.php/improve/modules/manage?_token=QtZ1ZB_rmGeR3g8nhy4OrZx9SFyoQ9ZNx_AXLgqfE00","method":"GET"} []
[2019-07-10 21:46:12] security.INFO: Populated the TokenStorage with an anonymous Token. [] []
[2019-07-10 21:46:18] app.ERROR: Data from PrestaShop Addons is invalid, and cannot fallback on cache.  {"exception":"cURL error 28: Operation timed out after 5000 milliseconds with 89446 bytes received"} []
[2019-07-10 21:46:20] security.DEBUG: Stored the security token in the session. {"key":"_security_main"} []
[2019-07-14 15:12:48] app.ERROR: Data from PrestaShop Addons is invalid, and cannot fallback on cache.  {"exception":"cURL error 28: Operation timed out after 5000 milliseconds with 13694 bytes received"} []
[2019-07-17 11:35:50] app.ERROR: Data from PrestaShop Addons is invalid, and cannot fallback on cache.  {"exception":"cURL error 28: Operation timed out after 5000 milliseconds with 205333 bytes received"} []
[2019-07-27 00:02:25] request.INFO: Matched route "admin_module_manage". {"route":"admin_module_manage","route_parameters":{"category":null,"keyword":null,"_controller":"PrestaShopBundle\\Controller\\Admin\\Improve\\ModuleController::manageAction","_legacy_controller":"AdminModulesManage","_legacy_link":["AdminModulesManage","AdminModulesSf"],"_route":"admin_module_manage"},"request_uri":"http://localhost/Bosshopping/admin600dfliar/index.php/improve/modules/manage?_token=f9o13L6CygtGUlLVMKNH6XHXx60L9Oa2wB-XWxzBBb8","method":"GET"} []
[2019-07-27 00:02:25] security.INFO: Populated the TokenStorage with an anonymous Token. [] []
[2019-07-27 00:02:31] app.ERROR: Data from PrestaShop Addons is invalid, and cannot fallback on cache.  {"exception":"cURL error 28: Operation timed out after 5000 milliseconds with 0 out of 0 bytes received"} []
[2019-07-27 00:02:33] security.DEBUG: Stored the security token in the session. {"key":"_security_main"} []
[2019-07-30 08:18:44] app.ERROR: Data from PrestaShop Addons is invalid, and cannot fallback on cache.  {"exception":"cURL error 6: Could not resolve host: api-addons.prestashop.com"} []
[2019-07-30 08:20:42] app.ERROR: Data from PrestaShop Addons is invalid, and cannot fallback on cache.  {"exception":"cURL error 6: Could not resolve host: api-addons.prestashop.com"} []
[2019-07-30 12:27:02] request.INFO: Matched route "admin_module_manage". {"route":"admin_module_manage","route_parameters":{"category":null,"keyword":null,"_controller":"PrestaShopBundle\\Controller\\Admin\\Improve\\ModuleController::manageAction","_legacy_controller":"AdminModulesManage","_legacy_link":["AdminModulesManage","AdminModulesSf"],"_route":"admin_module_manage"},"request_uri":"http://localhost/Bosshopping/admin600dfliar/index.php/improve/modules/manage?_token=kjYRVl9ryMw92ek3XDvmOqJ-YfkauQ3xFirAHI-PAo0","method":"GET"} []
[2019-07-30 12:27:03] security.INFO: Populated the TokenStorage with an anonymous Token. [] []
[2019-07-30 12:27:05] app.ERROR: Data from PrestaShop Addons is invalid, and cannot fallback on cache.  {"exception":"cURL error 6: Could not resolve host: api-addons.prestashop.com"} []
[2019-07-30 12:27:11] security.DEBUG: Stored the security token in the session. {"key":"_security_main"} []
[2019-07-30 12:27:13] request.INFO: Matched route "admin_module_notification_count". {"route":"admin_module_notification_count","route_parameters":{"_controller":"PrestaShopBundle\\Controller\\Admin\\Improve\\Modules\\AlertsController::notificationsCountAction","_legacy_controller":"AdminModulesNotifications","_legacy_link":"AdminModulesNotifications:count","_route":"admin_module_notification_count"},"request_uri":"http://localhost/Bosshopping/admin600dfliar/index.php/improve/modules/alerts/count?_token=kjYRVl9ryMw92ek3XDvmOqJ-YfkauQ3xFirAHI-PAo0","method":"GET"} []
[2019-07-30 12:27:13] security.DEBUG: Read existing security token from the session. {"key":"_security_main","token_class":"Symfony\\Component\\Security\\Core\\Authentication\\Token\\UsernamePasswordToken"} []
[2019-07-30 12:27:13] security.DEBUG: User was reloaded from a user provider. {"provider":"PrestaShopBundle\\Security\\Admin\\EmployeeProvider","username":"abdoulayebicaisediop@gmail.com"} []
[2019-07-30 12:27:13] app.ERROR: Data from PrestaShop Addons is invalid, and cannot fallback on cache.  {"exception":"cURL error 6: Could not resolve host: api-addons.prestashop.com"} []
[2019-07-30 12:27:14] security.DEBUG: Stored the security token in the session. {"key":"_security_main"} []
[2019-07-30 12:51:03] app.ERROR: Data from PrestaShop Addons is invalid, and cannot fallback on cache.  {"exception":"cURL error 6: Could not resolve host: api-addons.prestashop.com"} []
[2019-07-30 14:53:40] request.INFO: Matched route "admin_module_manage". {"route":"admin_module_manage","route_parameters":{"category":null,"keyword":null,"_controller":"PrestaShopBundle\\Controller\\Admin\\Improve\\ModuleController::manageAction","_legacy_controller":"AdminModulesManage","_legacy_link":["AdminModulesManage","AdminModulesSf"],"_route":"admin_module_manage"},"request_uri":"http://localhost/Bosshopping/admin600dfliar/index.php/improve/modules/manage?_token=cTHqAsN3rBcsEGthWUmmlWqKz5p8rpSPfmMcNdo1jmQ","method":"GET"} []
[2019-07-30 14:53:41] security.INFO: Populated the TokenStorage with an anonymous Token. [] []
[2019-07-30 14:53:48] app.ERROR: Data from PrestaShop Addons is invalid, and cannot fallback on cache.  {"exception":"cURL error 28: Resolving timed out after 5516 milliseconds"} []
[2019-07-30 14:54:00] security.DEBUG: Stored the security token in the session. {"key":"_security_main"} []
[2019-07-30 14:54:10] request.INFO: Matched route "admin_module_notification_count". {"route":"admin_module_notification_count","route_parameters":{"_controller":"PrestaShopBundle\\Controller\\Admin\\Improve\\Modules\\AlertsController::notificationsCountAction","_legacy_controller":"AdminModulesNotifications","_legacy_link":"AdminModulesNotifications:count","_route":"admin_module_notification_count"},"request_uri":"http://localhost/Bosshopping/admin600dfliar/index.php/improve/modules/alerts/count?_token=cTHqAsN3rBcsEGthWUmmlWqKz5p8rpSPfmMcNdo1jmQ","method":"GET"} []
[2019-07-30 14:54:10] security.DEBUG: Read existing security token from the session. {"key":"_security_main","token_class":"Symfony\\Component\\Security\\Core\\Authentication\\Token\\UsernamePasswordToken"} []
[2019-07-30 14:54:10] security.DEBUG: User was reloaded from a user provider. {"provider":"PrestaShopBundle\\Security\\Admin\\EmployeeProvider","username":"abdoulayebicaisediop@gmail.com"} []
[2019-07-30 14:54:10] app.ERROR: Data from PrestaShop Addons is invalid, and cannot fallback on cache.  {"exception":"cURL error 6: Could not resolve host: api-addons.prestashop.com"} []
[2019-07-30 14:54:10] security.DEBUG: Stored the security token in the session. {"key":"_security_main"} []
[2019-07-30 14:54:26] request.INFO: Matched route "admin_module_configure_action". {"route":"admin_module_configure_action","route_parameters":{"_controller":"PrestaShopBundle\\Controller\\Admin\\Improve\\ModuleController::configureModuleAction","_legacy_controller":"AdminModules","module_name":"ps_facetedsearch","_route":"admin_module_configure_action"},"request_uri":"http://localhost/Bosshopping/admin600dfliar/index.php/improve/modules/manage/action/configure/ps_facetedsearch?_token=cTHqAsN3rBcsEGthWUmmlWqKz5p8rpSPfmMcNdo1jmQ","method":"GET"} []
[2019-07-30 14:54:31] security.DEBUG: Read existing security token from the session. {"key":"_security_main","token_class":"Symfony\\Component\\Security\\Core\\Authentication\\Token\\UsernamePasswordToken"} []
[2019-07-30 14:54:31] security.DEBUG: User was reloaded from a user provider. {"provider":"PrestaShopBundle\\Security\\Admin\\EmployeeProvider","username":"abdoulayebicaisediop@gmail.com"} []
[2019-07-30 14:54:36] app.ERROR: Data from PrestaShop Addons is invalid, and cannot fallback on cache.  {"exception":"cURL error 28: Resolving timed out after 5515 milliseconds"} []
[2019-07-30 14:54:37] security.DEBUG: Stored the security token in the session. {"key":"_security_main"} []
[2019-07-30 15:41:39] app.ERROR: Data from PrestaShop Addons is invalid, and cannot fallback on cache.  {"exception":"cURL error 28: Resolving timed out after 5514 milliseconds"} []
[2019-07-30 15:41:36] request.INFO: Matched route "admin_module_manage". {"route":"admin_module_manage","route_parameters":{"category":null,"keyword":null,"_controller":"PrestaShopBundle\\Controller\\Admin\\Improve\\ModuleController::manageAction","_legacy_controller":"AdminModulesManage","_legacy_link":["AdminModulesManage","AdminModulesSf"],"_route":"admin_module_manage"},"request_uri":"http://localhost/Bosshopping/admin600dfliar/index.php/improve/modules/manage?_token=cTHqAsN3rBcsEGthWUmmlWqKz5p8rpSPfmMcNdo1jmQ","method":"GET"} []
[2019-07-30 15:41:39] security.DEBUG: Read existing security token from the session. {"key":"_security_main","token_class":"Symfony\\Component\\Security\\Core\\Authentication\\Token\\UsernamePasswordToken"} []
[2019-07-30 15:41:39] security.DEBUG: User was reloaded from a user provider. {"provider":"PrestaShopBundle\\Security\\Admin\\EmployeeProvider","username":"abdoulayebicaisediop@gmail.com"} []
[2019-07-30 15:41:45] app.ERROR: Data from PrestaShop Addons is invalid, and cannot fallback on cache.  {"exception":"cURL error 28: Resolving timed out after 5515 milliseconds"} []
[2019-07-30 15:41:45] security.DEBUG: Stored the security token in the session. {"key":"_security_main"} []
[2019-07-30 15:41:40] request.INFO: Matched route "admin_module_manage". {"route":"admin_module_manage","route_parameters":{"category":null,"keyword":null,"_controller":"PrestaShopBundle\\Controller\\Admin\\Improve\\ModuleController::manageAction","_legacy_controller":"AdminModulesManage","_legacy_link":["AdminModulesManage","AdminModulesSf"],"_route":"admin_module_manage"},"request_uri":"http://localhost/Bosshopping/admin600dfliar/index.php/improve/modules/manage?_token=cTHqAsN3rBcsEGthWUmmlWqKz5p8rpSPfmMcNdo1jmQ","method":"GET"} []
[2019-07-30 15:41:45] security.DEBUG: Read existing security token from the session. {"key":"_security_main","token_class":"Symfony\\Component\\Security\\Core\\Authentication\\Token\\UsernamePasswordToken"} []
[2019-07-30 15:41:45] security.DEBUG: User was reloaded from a user provider. {"provider":"PrestaShopBundle\\Security\\Admin\\EmployeeProvider","username":"abdoulayebicaisediop@gmail.com"} []
[2019-07-30 15:41:50] app.ERROR: Data from PrestaShop Addons is invalid, and cannot fallback on cache.  {"exception":"cURL error 28: Resolving timed out after 5515 milliseconds"} []
[2019-07-30 15:41:51] security.DEBUG: Stored the security token in the session. {"key":"_security_main"} []
[2019-07-30 15:41:52] request.INFO: Matched route "admin_module_notification_count". {"route":"admin_module_notification_count","route_parameters":{"_controller":"PrestaShopBundle\\Controller\\Admin\\Improve\\Modules\\AlertsController::notificationsCountAction","_legacy_controller":"AdminModulesNotifications","_legacy_link":"AdminModulesNotifications:count","_route":"admin_module_notification_count"},"request_uri":"http://localhost/Bosshopping/admin600dfliar/index.php/improve/modules/alerts/count?_token=cTHqAsN3rBcsEGthWUmmlWqKz5p8rpSPfmMcNdo1jmQ","method":"GET"} []
[2019-07-30 15:41:52] security.DEBUG: Read existing security token from the session. {"key":"_security_main","token_class":"Symfony\\Component\\Security\\Core\\Authentication\\Token\\UsernamePasswordToken"} []
[2019-07-30 15:41:52] security.DEBUG: User was reloaded from a user provider. {"provider":"PrestaShopBundle\\Security\\Admin\\EmployeeProvider","username":"abdoulayebicaisediop@gmail.com"} []
[2019-07-30 15:41:57] app.ERROR: Data from PrestaShop Addons is invalid, and cannot fallback on cache.  {"exception":"cURL error 28: Connection timed out after 5000 milliseconds"} []
[2019-07-30 15:41:57] security.DEBUG: Stored the security token in the session. {"key":"_security_main"} []
[2019-07-30 15:45:13] request.INFO: Matched route "admin_module_manage". {"route":"admin_module_manage","route_parameters":{"category":null,"keyword":null,"_controller":"PrestaShopBundle\\Controller\\Admin\\Improve\\ModuleController::manageAction","_legacy_controller":"AdminModulesManage","_legacy_link":["AdminModulesManage","AdminModulesSf"],"_route":"admin_module_manage"},"request_uri":"http://localhost/Bosshopping/admin600dfliar/index.php/improve/modules/manage?_token=cTHqAsN3rBcsEGthWUmmlWqKz5p8rpSPfmMcNdo1jmQ","method":"GET"} []
[2019-07-30 15:45:13] security.DEBUG: Read existing security token from the session. {"key":"_security_main","token_class":"Symfony\\Component\\Security\\Core\\Authentication\\Token\\UsernamePasswordToken"} []
[2019-07-30 15:45:13] security.DEBUG: User was reloaded from a user provider. {"provider":"PrestaShopBundle\\Security\\Admin\\EmployeeProvider","username":"abdoulayebicaisediop@gmail.com"} []
[2019-07-30 15:45:19] app.ERROR: Data from PrestaShop Addons is invalid, and cannot fallback on cache.  {"exception":"cURL error 28: Resolving timed out after 5514 milliseconds"} []
[2019-07-30 15:45:19] security.DEBUG: Stored the security token in the session. {"key":"_security_main"} []
[2019-07-30 15:45:20] request.INFO: Matched route "admin_module_notification_count". {"route":"admin_module_notification_count","route_parameters":{"_controller":"PrestaShopBundle\\Controller\\Admin\\Improve\\Modules\\AlertsController::notificationsCountAction","_legacy_controller":"AdminModulesNotifications","_legacy_link":"AdminModulesNotifications:count","_route":"admin_module_notification_count"},"request_uri":"http://localhost/Bosshopping/admin600dfliar/index.php/improve/modules/alerts/count?_token=cTHqAsN3rBcsEGthWUmmlWqKz5p8rpSPfmMcNdo1jmQ","method":"GET"} []
[2019-07-30 15:45:20] security.DEBUG: Read existing security token from the session. {"key":"_security_main","token_class":"Symfony\\Component\\Security\\Core\\Authentication\\Token\\UsernamePasswordToken"} []
[2019-07-30 15:45:20] security.DEBUG: User was reloaded from a user provider. {"provider":"PrestaShopBundle\\Security\\Admin\\EmployeeProvider","username":"abdoulayebicaisediop@gmail.com"} []
[2019-07-30 15:45:26] app.ERROR: Data from PrestaShop Addons is invalid, and cannot fallback on cache.  {"exception":"cURL error 28: Resolving timed out after 5513 milliseconds"} []
[2019-07-30 15:45:26] security.DEBUG: Stored the security token in the session. {"key":"_security_main"} []
[2019-07-30 15:52:13] request.INFO: Matched route "admin_module_import". {"route":"admin_module_import","route_parameters":{"module_name":null,"_controller":"PrestaShopBundle\\Controller\\Admin\\Improve\\ModuleController::importModuleAction","_route":"admin_module_import"},"request_uri":"http://localhost/Bosshopping/admin600dfliar/index.php/improve/modules/import?_token=cTHqAsN3rBcsEGthWUmmlWqKz5p8rpSPfmMcNdo1jmQ","method":"POST"} []
[2019-07-30 15:52:13] security.DEBUG: Read existing security token from the session. {"key":"_security_main","token_class":"Symfony\\Component\\Security\\Core\\Authentication\\Token\\UsernamePasswordToken"} []
[2019-07-30 15:52:13] security.DEBUG: User was reloaded from a user provider. {"provider":"PrestaShopBundle\\Security\\Admin\\EmployeeProvider","username":"abdoulayebicaisediop@gmail.com"} []
[2019-07-30 15:52:19] app.ERROR: Data from PrestaShop Addons is invalid, and cannot fallback on cache.  {"exception":"cURL error 28: Operation timed out after 5000 milliseconds with 60942 bytes received"} []
[2019-07-30 15:52:19] security.DEBUG: Stored the security token in the session. {"key":"_security_main"} []
[2019-08-01 10:32:26] app.ERROR: Class "AdminLeoBootstrapMenuModuleController" not found in controllers/admin [] []
[2019-08-01 10:32:26] app.ERROR: Class "AdminLeoWidgetsController" not found in controllers/admin [] []
[2019-08-01 10:33:07] app.ERROR: Class "AdminLeoProductSearchModuleController" not found in controllers/admin [] []
[2019-08-01 13:24:09] app.ERROR: Data from PrestaShop Addons is invalid, and cannot fallback on cache.  {"exception":"cURL error 28: Resolving timed out after 5513 milliseconds"} []
